Build started 11/25/2021 4:10:30 PM.
     1>Project "E:\Cpp\Projects\GameCPP\CoCaro\CoCaro.vcxproj" on node 2 (Build target(s)).
     1>ClCompile:
         C:\Program Files (x86)\Microsoft Visual Studio 11.0\VC\bin\CL.exe /c /ZI /nologo /W3 /WX- /Od /Oy- /D _MBCS /Gm /EHsc /RTC1 /MDd /GS /fp:precise /Zc:wchar_t /Zc:forScope /Fo"Debug\\" /Fd"Debug\vc110.pdb" /Gd /TP /analyze- /errorReport:prompt Game.cpp
         Game.cpp
     1>e:\cpp\projects\gamecpp\cocaro\game.cpp(67): warning C4018: '<' : signed/unsigned mismatch
     1>e:\cpp\projects\gamecpp\cocaro\game.cpp(69): warning C4018: '<' : signed/unsigned mismatch
       Link:
         C:\Program Files (x86)\Microsoft Visual Studio 11.0\VC\bin\link.exe /ERRORREPORT:PROMPT /OUT:"E:\Cpp\Projects\GameCPP\Debug\CoCaro.exe" /INCREMENTAL /NOLOGO kernel32.lib user32.lib gdi32.lib winspool.lib comdlg32.lib advapi32.lib shell32.lib ole32.lib oleaut32.lib uuid.lib odbc32.lib odbccp32.lib /MANIFEST /MANIFESTUAC:"level='asInvoker' uiAccess='false'" /manifest:embed /DEBUG /PDB:"E:\Cpp\Projects\GameCPP\Debug\CoCaro.pdb" /TLBID:1 /DYNAMICBASE /NXCOMPAT /IMPLIB:"E:\Cpp\Projects\GameCPP\Debug\CoCaro.lib" /MACHINE:X86 Debug\Cursor.obj
         Debug\Frame.obj
         Debug\Game.obj
         Debug\Indicator.obj
         Debug\Keyboard.obj
         Debug\main.obj
         Debug\Point.obj
         Debug\Rectangle.obj
         Debug\Score.obj
         Debug\Size.obj
         CoCaro.vcxproj -> E:\Cpp\Projects\GameCPP\Debug\CoCaro.exe
     1>Done Building Project "E:\Cpp\Projects\GameCPP\CoCaro\CoCaro.vcxproj" (Build target(s)).

Build succeeded.

Time Elapsed 00:00:02.17
