Build started 11/25/2021 10:43:10 AM.
     1>Project "E:\Cpp\Projects\GameCPP\GameSnake\GameSnake.vcxproj" on node 2 (Build target(s)).
     1>ClCompile:
         C:\Program Files (x86)\Microsoft Visual Studio 11.0\VC\bin\CL.exe /c /ZI /nologo /W3 /WX- /Od /Oy- /D _MBCS /Gm /EHsc /RTC1 /MDd /GS /fp:precise /Zc:wchar_t /Zc:forScope /Fo"Debug\\" /Fd"Debug\vc110.pdb" /Gd /TP /analyze- /errorReport:prompt Game.cpp
         Game.cpp
     1>e:\cpp\projects\gamecpp\gamesnake\game.cpp(76): warning C4018: '<' : signed/unsigned mismatch
     1>e:\cpp\projects\gamecpp\gamesnake\game.cpp(117): warning C4018: '<' : signed/unsigned mismatch
       Link:
         C:\Program Files (x86)\Microsoft Visual Studio 11.0\VC\bin\link.exe /ERRORREPORT:PROMPT /OUT:"E:\Cpp\Projects\GameCPP\Debug\GameSnake.exe" /INCREMENTAL /NOLOGO kernel32.lib user32.lib gdi32.lib winspool.lib comdlg32.lib advapi32.lib shell32.lib ole32.lib oleaut32.lib uuid.lib odbc32.lib odbccp32.lib /MANIFEST /MANIFESTUAC:"level='asInvoker' uiAccess='false'" /manifest:embed /DEBUG /PDB:"E:\Cpp\Projects\GameCPP\Debug\GameSnake.pdb" /TLBID:1 /DYNAMICBASE /NXCOMPAT /IMPLIB:"E:\Cpp\Projects\GameCPP\Debug\GameSnake.lib" /MACHINE:X86 Debug\Cursor.obj
         Debug\Food.obj
         Debug\Frame.obj
         Debug\Game.obj
         Debug\Keyboard.obj
         Debug\main.obj
         Debug\Menu.obj
         Debug\Point.obj
         Debug\Rectangle.obj
         Debug\Score.obj
         Debug\Size.obj
         Debug\Snake.obj
         GameSnake.vcxproj -> E:\Cpp\Projects\GameCPP\Debug\GameSnake.exe
     1>Done Building Project "E:\Cpp\Projects\GameCPP\GameSnake\GameSnake.vcxproj" (Build target(s)).

Build succeeded.

Time Elapsed 00:00:02.39
